=== Log session started at 2026-01-17T15:27:45.097808 ===
2026-01-17 15:27:45.171 [BA] [WARN] [general] app.main: Frontend dist not found at: /app/frontend/dist
2026-01-17 15:27:45.220 [BA] [ERRO] [function] app.api.routers.voice_lab: Config Error: DB_PASSWORD_IS_12345
Traceback (most recent call last):
  File "/app/app/api/routers/voice_lab.py", line 16, in get_config
    return voice_lab_service.get_all_configs()
           ^^^^^^^^^^^^^^^^^^^^^^^^^^^^^^^^^^^
  File "/home/jules/.local/share/uv/python/cpython-3.11.14-linux-x86_64-gnu/lib/python3.11/unittest/mock.py", line 1124, in __call__
    return self._mock_call(*args, **kwargs)
           ^^^^^^^^^^^^^^^^^^^^^^^^^^^^^^^^
  File "/home/jules/.local/share/uv/python/cpython-3.11.14-linux-x86_64-gnu/lib/python3.11/unittest/mock.py", line 1128, in _mock_call
    return self._execute_mock_call(*args, **kwargs)
           ^^^^^^^^^^^^^^^^^^^^^^^^^^^^^^^^^^^^^^^^
  File "/home/jules/.local/share/uv/python/cpython-3.11.14-linux-x86_64-gnu/lib/python3.11/unittest/mock.py", line 1183, in _execute_mock_call
    raise effect
Exception: DB_PASSWORD_IS_12345
2026-01-17 15:27:45.224 [BA] [INFO] [network] httpx: HTTP Request: GET http://testserver/api/voice-lab/config "HTTP/1.1 500 Internal Server Error"
2026-01-17 15:27:45.229 [BA] [ERRO] [function] app.core.errors: Internal Error: DB_PASSWORD_IS_LEAKED_123
Traceback (most recent call last):
  File "/app/app/api/routers/content.py", line 56, in list_epub_books
    for f in epub_dir.glob("*.epub"):
             ^^^^^^^^^^^^^^^^^^^^^^^
  File "/home/jules/.local/share/uv/python/cpython-3.11.14-linux-x86_64-gnu/lib/python3.11/unittest/mock.py", line 1124, in __call__
    return self._mock_call(*args, **kwargs)
           ^^^^^^^^^^^^^^^^^^^^^^^^^^^^^^^^
  File "/home/jules/.local/share/uv/python/cpython-3.11.14-linux-x86_64-gnu/lib/python3.11/unittest/mock.py", line 1128, in _mock_call
    return self._execute_mock_call(*args, **kwargs)
           ^^^^^^^^^^^^^^^^^^^^^^^^^^^^^^^^^^^^^^^^
  File "/home/jules/.local/share/uv/python/cpython-3.11.14-linux-x86_64-gnu/lib/python3.11/unittest/mock.py", line 1183, in _execute_mock_call
    raise effect
Exception: DB_PASSWORD_IS_LEAKED_123
2026-01-17 15:27:45.231 [BA] [INFO] [network] httpx: HTTP Request: GET http://testserver/api/reading/epub/books "HTTP/1.1 500 Internal Server Error"
2026-01-17 15:27:45.236 [BA] [ERRO] [function] app.core.errors: Internal Error: API_KEY_LEAKED_456
Traceback (most recent call last):
  File "/app/app/api/routers/images.py", line 36, in generate_image
    await image_service.get_or_generate_image(
  File "/home/jules/.local/share/uv/python/cpython-3.11.14-linux-x86_64-gnu/lib/python3.11/unittest/mock.py", line 2240, in _execute_mock_call
    raise effect
Exception: API_KEY_LEAKED_456
2026-01-17 15:27:45.238 [BA] [INFO] [network] httpx: HTTP Request: POST http://testserver/api/generated-images/generate "HTTP/1.1 500 Internal Server Error"
